CRITICAL - 2024-11-25 18:02:57 --> CodeIgniter\View\Exceptions\ViewException: Invalid file: "usuarios/success.php"
[Method: POST, Route: usuarios/registrar]
in SYSTEMPATH\Exceptions\FrameworkException.php on line 41.
 1 SYSTEMPATH\View\View.php(222): CodeIgniter\Exceptions\FrameworkException::forInvalidFile('usuarios/success.php')
 2 SYSTEMPATH\Common.php(1171): CodeIgniter\View\View->render('usuarios/success', [], true)
 3 APPPATH\Controllers\UsuariosController.php(32): view('usuarios/success', [...])
 4 SYSTEMPATH\CodeIgniter.php(933): App\Controllers\UsuariosController->registrar()
 5 SYSTEMPATH\CodeIgniter.php(509): CodeIgniter\CodeIgniter->runController(Object(App\Controllers\UsuariosController))
 6 SYSTEMPATH\CodeIgniter.php(355): CodeIgniter\CodeIgniter->handleRequest(null, Object(Config\Cache), false)
 7 SYSTEMPATH\Boot.php(325): CodeIgniter\CodeIgniter->run()
 8 SYSTEMPATH\Boot.php(67): CodeIgniter\Boot::runCodeIgniter(Object(CodeIgniter\CodeIgniter))
 9 FCPATH\index.php(56): CodeIgniter\Boot::bootWeb(Object(Config\Paths))
ERROR - 2024-11-25 18:13:29 --> Error connecting to the database: mysqli_sql_exception: No se puede establecer una conexión ya que el equipo de destino denegó expresamente dicha conexión in C:\xampp\htdocs\MyTreesCode\system\Database\MySQLi\Connection.php:186
Stack trace:
#0 C:\xampp\htdocs\MyTreesCode\system\Database\MySQLi\Connection.php(186): mysqli->real_connect('localhost', 'root', Object(SensitiveParameterValue), 'mytrees', 3306, '', 0)
#1 C:\xampp\htdocs\MyTreesCode\system\Database\BaseConnection.php(421): CodeIgniter\Database\MySQLi\Connection->connect(false)
#2 C:\xampp\htdocs\MyTreesCode\system\Database\BaseConnection.php(616): CodeIgniter\Database\BaseConnection->initialize()
#3 C:\xampp\htdocs\MyTreesCode\system\Database\BaseBuilder.php(2340): CodeIgniter\Database\BaseConnection->query('INSERT INTO `us...', Array, false)
#4 C:\xampp\htdocs\MyTreesCode\app\Models\UsuariosModel.php(15): CodeIgniter\Database\BaseBuilder->insert(Array)
#5 C:\xampp\htdocs\MyTreesCode\app\Controllers\UsuariosController.php(34): App\Models\UsuariosModel->insertUsuario(Array)
#6 C:\xampp\htdocs\MyTreesCode\system\CodeIgniter.php(933): App\Controllers\UsuariosController->registrar()
#7 C:\xampp\htdocs\MyTreesCode\system\CodeIgniter.php(509): CodeIgniter\CodeIgniter->runController(Object(App\Controllers\UsuariosController))
#8 C:\xampp\htdocs\MyTreesCode\system\CodeIgniter.php(355): CodeIgniter\CodeIgniter->handleRequest(NULL, Object(Config\Cache), false)
#9 C:\xampp\htdocs\MyTreesCode\system\Boot.php(325): CodeIgniter\CodeIgniter->run()
#10 C:\xampp\htdocs\MyTreesCode\system\Boot.php(67): CodeIgniter\Boot::runCodeIgniter(Object(CodeIgniter\CodeIgniter))
#11 C:\xampp\htdocs\MyTreesCode\public\index.php(56): CodeIgniter\Boot::bootWeb(Object(Config\Paths))
#12 {main}

Next CodeIgniter\Database\Exceptions\DatabaseException: No se puede establecer una conexión ya que el equipo de destino denegó expresamente dicha conexión in C:\xampp\htdocs\MyTreesCode\system\Database\MySQLi\Connection.php:231
Stack trace:
#0 C:\xampp\htdocs\MyTreesCode\system\Database\BaseConnection.php(421): CodeIgniter\Database\MySQLi\Connection->connect(false)
#1 C:\xampp\htdocs\MyTreesCode\system\Database\BaseConnection.php(616): CodeIgniter\Database\BaseConnection->initialize()
#2 C:\xampp\htdocs\MyTreesCode\system\Database\BaseBuilder.php(2340): CodeIgniter\Database\BaseConnection->query('INSERT INTO `us...', Array, false)
#3 C:\xampp\htdocs\MyTreesCode\app\Models\UsuariosModel.php(15): CodeIgniter\Database\BaseBuilder->insert(Array)
#4 C:\xampp\htdocs\MyTreesCode\app\Controllers\UsuariosController.php(34): App\Models\UsuariosModel->insertUsuario(Array)
#5 C:\xampp\htdocs\MyTreesCode\system\CodeIgniter.php(933): App\Controllers\UsuariosController->registrar()
#6 C:\xampp\htdocs\MyTreesCode\system\CodeIgniter.php(509): CodeIgniter\CodeIgniter->runController(Object(App\Controllers\UsuariosController))
#7 C:\xampp\htdocs\MyTreesCode\system\CodeIgniter.php(355): CodeIgniter\CodeIgniter->handleRequest(NULL, Object(Config\Cache), false)
#8 C:\xampp\htdocs\MyTreesCode\system\Boot.php(325): CodeIgniter\CodeIgniter->run()
#9 C:\xampp\htdocs\MyTreesCode\system\Boot.php(67): CodeIgniter\Boot::runCodeIgniter(Object(CodeIgniter\CodeIgniter))
#10 C:\xampp\htdocs\MyTreesCode\public\index.php(56): CodeIgniter\Boot::bootWeb(Object(Config\Paths))
#11 {main}
CRITICAL - 2024-11-25 18:13:29 --> CodeIgniter\Database\Exceptions\DatabaseException: Unable to connect to the database.
Main connection [MySQLi]: No se puede establecer una conexión ya que el equipo de destino denegó expresamente dicha conexión
[Method: POST, Route: usuarios/registrar]
in SYSTEMPATH\Database\BaseConnection.php on line 467.
 1 SYSTEMPATH\Database\BaseConnection.php(616): CodeIgniter\Database\BaseConnection->initialize()
 2 SYSTEMPATH\Database\BaseBuilder.php(2340): CodeIgniter\Database\BaseConnection->query('INSERT INTO `usuarios` (`nombre`, `apellidos`, `telefono`, `direccion`, `pais`, `correo`, `password`, `rol`) VALUES (:nombre:, :apellidos:, :telefono:, :direccion:, :pais:, :correo:, :password:, :rol:)', [...], false)
 3 APPPATH\Models\UsuariosModel.php(15): CodeIgniter\Database\BaseBuilder->insert([...])
 4 APPPATH\Controllers\UsuariosController.php(34): App\Models\UsuariosModel->insertUsuario([...])
 5 SYSTEMPATH\CodeIgniter.php(933): App\Controllers\UsuariosController->registrar()
 6 SYSTEMPATH\CodeIgniter.php(509): CodeIgniter\CodeIgniter->runController(Object(App\Controllers\UsuariosController))
 7 SYSTEMPATH\CodeIgniter.php(355): CodeIgniter\CodeIgniter->handleRequest(null, Object(Config\Cache), false)
 8 SYSTEMPATH\Boot.php(325): CodeIgniter\CodeIgniter->run()
 9 SYSTEMPATH\Boot.php(67): CodeIgniter\Boot::runCodeIgniter(Object(CodeIgniter\CodeIgniter))
10 FCPATH\index.php(56): CodeIgniter\Boot::bootWeb(Object(Config\Paths))
CRITICAL - 2024-11-25 19:11:48 --> CodeIgniter\Filters\Exceptions\FilterException: "auth" filter must have a matching alias defined.
[Method: GET, Route: dashboard]
in SYSTEMPATH\Filters\Filters.php on line 495.
 1 SYSTEMPATH\Filters\Filters.php(495): CodeIgniter\Filters\Exceptions\FilterException::forNoAlias('auth')
 2 SYSTEMPATH\Filters\Filters.php(547): CodeIgniter\Filters\Filters->enableFilter('auth', 'before')
 3 SYSTEMPATH\CodeIgniter.php(469): CodeIgniter\Filters\Filters->enableFilters([...], 'before')
 4 SYSTEMPATH\CodeIgniter.php(355): CodeIgniter\CodeIgniter->handleRequest(null, Object(Config\Cache), false)
 5 SYSTEMPATH\Boot.php(325): CodeIgniter\CodeIgniter->run()
 6 SYSTEMPATH\Boot.php(67): CodeIgniter\Boot::runCodeIgniter(Object(CodeIgniter\CodeIgniter))
 7 FCPATH\index.php(56): CodeIgniter\Boot::bootWeb(Object(Config\Paths))
CRITICAL - 2024-11-25 19:12:06 --> CodeIgniter\Filters\Exceptions\FilterException: "auth" filter must have a matching alias defined.
[Method: GET, Route: dashboard]
in SYSTEMPATH\Filters\Filters.php on line 495.
 1 SYSTEMPATH\Filters\Filters.php(495): CodeIgniter\Filters\Exceptions\FilterException::forNoAlias('auth')
 2 SYSTEMPATH\Filters\Filters.php(547): CodeIgniter\Filters\Filters->enableFilter('auth', 'before')
 3 SYSTEMPATH\CodeIgniter.php(469): CodeIgniter\Filters\Filters->enableFilters([...], 'before')
 4 SYSTEMPATH\CodeIgniter.php(355): CodeIgniter\CodeIgniter->handleRequest(null, Object(Config\Cache), false)
 5 SYSTEMPATH\Boot.php(325): CodeIgniter\CodeIgniter->run()
 6 SYSTEMPATH\Boot.php(67): CodeIgniter\Boot::runCodeIgniter(Object(CodeIgniter\CodeIgniter))
 7 FCPATH\index.php(56): CodeIgniter\Boot::bootWeb(Object(Config\Paths))
CRITICAL - 2024-11-25 20:01:28 --> CodeIgniter\View\Exceptions\ViewException: Invalid file: "header.php"
[Method: GET, Route: especies/crud_especies]
in SYSTEMPATH\Exceptions\FrameworkException.php on line 41.
 1 SYSTEMPATH\View\View.php(222): CodeIgniter\Exceptions\FrameworkException::forInvalidFile('header.php')
 2 SYSTEMPATH\View\View.php(487): CodeIgniter\View\View->render('header', null, true)
 3 APPPATH\Views\especies\crud_especies.php(1): CodeIgniter\View\View->include('header')
 4 SYSTEMPATH\View\View.php(234): include('C:\\xampp\\htdocs\\MyTreesCode\\app\\Views\\especies\\crud_especies.php')
 5 SYSTEMPATH\View\View.php(237): CodeIgniter\View\View->CodeIgniter\View\{closure}()
 6 SYSTEMPATH\Common.php(1171): CodeIgniter\View\View->render('especies/crud_especies', [], true)
 7 APPPATH\Controllers\EspeciesController.php(23): view('especies/crud_especies', [...])
 8 SYSTEMPATH\CodeIgniter.php(933): App\Controllers\EspeciesController->index()
 9 SYSTEMPATH\CodeIgniter.php(509): CodeIgniter\CodeIgniter->runController(Object(App\Controllers\EspeciesController))
10 SYSTEMPATH\CodeIgniter.php(355): CodeIgniter\CodeIgniter->handleRequest(null, Object(Config\Cache), false)
11 SYSTEMPATH\Boot.php(325): CodeIgniter\CodeIgniter->run()
12 SYSTEMPATH\Boot.php(67): CodeIgniter\Boot::runCodeIgniter(Object(CodeIgniter\CodeIgniter))
13 FCPATH\index.php(56): CodeIgniter\Boot::bootWeb(Object(Config\Paths))
CRITICAL - 2024-11-25 20:27:03 --> ErrorException: Cannot redeclare App\Models\UsuariosModel::insertUsuario()
[Method: GET, Route: admin/admin_usuarios]
in APPPATH\Models\UsuariosModel.php on line 39.
 1 [internal function]: CodeIgniter\Debug\Exceptions->shutdownHandler()
CRITICAL - 2024-11-25 22:30:01 --> ParseError: syntax error, unexpected token "namespace"
[Method: GET, Route: arboles/crud_arboles]
in APPPATH\Controllers\ArbolesController.php on line 2.
 1 SYSTEMPATH\Autoloader\Autoloader.php(296): CodeIgniter\Autoloader\Autoloader->includeFile('C:\\xampp\\htdocs\\MyTreesCode\\app\\Controllers\\ArbolesController.php')
 2 SYSTEMPATH\Autoloader\Autoloader.php(272): CodeIgniter\Autoloader\Autoloader->loadInNamespace('App\\Controllers\\ArbolesController')
 3 [internal function]: CodeIgniter\Autoloader\Autoloader->loadClass('App\\Controllers\\ArbolesController')
 4 SYSTEMPATH\CodeIgniter.php(887): class_exists('\\App\\Controllers\\ArbolesController', true)
 5 SYSTEMPATH\CodeIgniter.php(496): CodeIgniter\CodeIgniter->startController()
 6 SYSTEMPATH\CodeIgniter.php(355): CodeIgniter\CodeIgniter->handleRequest(null, Object(Config\Cache), false)
 7 SYSTEMPATH\Boot.php(325): CodeIgniter\CodeIgniter->run()
 8 SYSTEMPATH\Boot.php(67): CodeIgniter\Boot::runCodeIgniter(Object(CodeIgniter\CodeIgniter))
 9 FCPATH\index.php(56): CodeIgniter\Boot::bootWeb(Object(Config\Paths))
CRITICAL - 2024-11-25 22:30:26 --> CodeIgniter\View\Exceptions\ViewException: Invalid file: "arboles/index.php"
[Method: GET, Route: arboles/crud_arboles]
in SYSTEMPATH\Exceptions\FrameworkException.php on line 41.
 1 SYSTEMPATH\View\View.php(222): CodeIgniter\Exceptions\FrameworkException::forInvalidFile('arboles/index.php')
 2 SYSTEMPATH\Common.php(1171): CodeIgniter\View\View->render('arboles/index', [], true)
 3 APPPATH\Controllers\ArbolesController.php(26): view('arboles/index', [...])
 4 SYSTEMPATH\CodeIgniter.php(933): App\Controllers\ArbolesController->index()
 5 SYSTEMPATH\CodeIgniter.php(509): CodeIgniter\CodeIgniter->runController(Object(App\Controllers\ArbolesController))
 6 SYSTEMPATH\CodeIgniter.php(355): CodeIgniter\CodeIgniter->handleRequest(null, Object(Config\Cache), false)
 7 SYSTEMPATH\Boot.php(325): CodeIgniter\CodeIgniter->run()
 8 SYSTEMPATH\Boot.php(67): CodeIgniter\Boot::runCodeIgniter(Object(CodeIgniter\CodeIgniter))
 9 FCPATH\index.php(56): CodeIgniter\Boot::bootWeb(Object(Config\Paths))
CRITICAL - 2024-11-25 22:58:11 --> ErrorException: Undefined array key "especie"
[Method: GET, Route: arboles/crud_arboles]
in APPPATH\Views\arboles\crud_arboles.php on line 39.
 1 APPPATH\Views\arboles\crud_arboles.php(39): CodeIgniter\Debug\Exceptions->errorHandler(2, 'Undefined array key "especie"', 'C:\\xampp\\htdocs\\MyTreesCode\\app\\Views\\arboles\\crud_arboles.php', 39)
 2 SYSTEMPATH\View\View.php(234): include('C:\\xampp\\htdocs\\MyTreesCode\\app\\Views\\arboles\\crud_arboles.php')
 3 SYSTEMPATH\View\View.php(237): CodeIgniter\View\View->CodeIgniter\View\{closure}()
 4 SYSTEMPATH\Common.php(1171): CodeIgniter\View\View->render('arboles/crud_arboles', [], true)
 5 APPPATH\Controllers\ArbolesController.php(26): view('arboles/crud_arboles', [...])
 6 SYSTEMPATH\CodeIgniter.php(933): App\Controllers\ArbolesController->index()
 7 SYSTEMPATH\CodeIgniter.php(509): CodeIgniter\CodeIgniter->runController(Object(App\Controllers\ArbolesController))
 8 SYSTEMPATH\CodeIgniter.php(355): CodeIgniter\CodeIgniter->handleRequest(null, Object(Config\Cache), false)
 9 SYSTEMPATH\Boot.php(325): CodeIgniter\CodeIgniter->run()
10 SYSTEMPATH\Boot.php(67): CodeIgniter\Boot::runCodeIgniter(Object(CodeIgniter\CodeIgniter))
11 FCPATH\index.php(56): CodeIgniter\Boot::bootWeb(Object(Config\Paths))
CRITICAL - 2024-11-25 23:04:17 --> CodeIgniter\Database\Exceptions\DataException: Allowed fields must be specified for model: "App\Models\ArbolesModel"
[Method: POST, Route: arboles/agregar]
in SYSTEMPATH\Model.php on line 824.
 1 SYSTEMPATH\Model.php(824): CodeIgniter\Database\Exceptions\DataException::forInvalidAllowedFields('App\\Models\\ArbolesModel')
 2 SYSTEMPATH\BaseModel.php(821): CodeIgniter\Model->doProtectFieldsForInsert([...])
 3 SYSTEMPATH\Model.php(802): CodeIgniter\BaseModel->insert([...], true)
 4 APPPATH\Models\ArbolesModel.php(22): CodeIgniter\Model->insert([...])
 5 APPPATH\Controllers\ArbolesController.php(49): App\Models\ArbolesModel->agregarArbol([...])
 6 SYSTEMPATH\CodeIgniter.php(933): App\Controllers\ArbolesController->agregar()
 7 SYSTEMPATH\CodeIgniter.php(509): CodeIgniter\CodeIgniter->runController(Object(App\Controllers\ArbolesController))
 8 SYSTEMPATH\CodeIgniter.php(355): CodeIgniter\CodeIgniter->handleRequest(null, Object(Config\Cache), false)
 9 SYSTEMPATH\Boot.php(325): CodeIgniter\CodeIgniter->run()
10 SYSTEMPATH\Boot.php(67): CodeIgniter\Boot::runCodeIgniter(Object(CodeIgniter\CodeIgniter))
11 FCPATH\index.php(56): CodeIgniter\Boot::bootWeb(Object(Config\Paths))
CRITICAL - 2024-11-25 23:27:12 --> CodeIgniter\HTTP\Exceptions\BadRequestException: The URI you submitted has disallowed characters: "logos web940x492-06 (1).png"
[Method: GET, Route: uploads/logos%20web940x492-06%20%281%29.png]
in SYSTEMPATH\Router\Router.php on line 737.
 1 SYSTEMPATH\Router\Router.php(204): CodeIgniter\Router\Router->checkDisallowedChars('uploads/logos web940x492-06 (1).png')
 2 SYSTEMPATH\CodeIgniter.php(834): CodeIgniter\Router\Router->handle('uploads/logos web940x492-06 (1).png')
 3 SYSTEMPATH\CodeIgniter.php(457): CodeIgniter\CodeIgniter->tryToRouteIt(Object(CodeIgniter\Router\RouteCollection))
 4 SYSTEMPATH\CodeIgniter.php(355): CodeIgniter\CodeIgniter->handleRequest(null, Object(Config\Cache), false)
 5 SYSTEMPATH\Boot.php(325): CodeIgniter\CodeIgniter->run()
 6 SYSTEMPATH\Boot.php(67): CodeIgniter\Boot::runCodeIgniter(Object(CodeIgniter\CodeIgniter))
 7 FCPATH\index.php(56): CodeIgniter\Boot::bootWeb(Object(Config\Paths))
CRITICAL - 2024-11-25 23:28:47 --> CodeIgniter\HTTP\Exceptions\HTTPException: Could not move file "phpA992.tmp" to "C:\xampp\htdocs\MyTreesCode\public\uploads/". Reason: 
[Method: POST, Route: arboles/agregar]
in SYSTEMPATH\HTTP\Files\UploadedFile.php on line 154.
 1 SYSTEMPATH\HTTP\Files\UploadedFile.php(154): CodeIgniter\HTTP\Exceptions\HTTPException::forMoveFailed('phpA992.tmp', 'C:\\xampp\\htdocs\\MyTreesCode\\public\\uploads/', '')
 2 APPPATH\Controllers\ArbolesController.php(38): CodeIgniter\HTTP\Files\UploadedFile->move('C:\\xampp\\htdocs\\MyTreesCode\\public\\uploads/', 'uploads/1732577327_c8bd55b9aababaf39e64.png')
 3 SYSTEMPATH\CodeIgniter.php(933): App\Controllers\ArbolesController->agregar()
 4 SYSTEMPATH\CodeIgniter.php(509): CodeIgniter\CodeIgniter->runController(Object(App\Controllers\ArbolesController))
 5 SYSTEMPATH\CodeIgniter.php(355): CodeIgniter\CodeIgniter->handleRequest(null, Object(Config\Cache), false)
 6 SYSTEMPATH\Boot.php(325): CodeIgniter\CodeIgniter->run()
 7 SYSTEMPATH\Boot.php(67): CodeIgniter\Boot::runCodeIgniter(Object(CodeIgniter\CodeIgniter))
 8 FCPATH\index.php(56): CodeIgniter\Boot::bootWeb(Object(Config\Paths))
CRITICAL - 2024-11-25 23:33:31 --> CodeIgniter\HTTP\Exceptions\BadRequestException: The URI you submitted has disallowed characters: "logos web940x492-06 (1).png"
[Method: GET, Route: uploads/logos%20web940x492-06%20%281%29.png]
in SYSTEMPATH\Router\Router.php on line 737.
 1 SYSTEMPATH\Router\Router.php(204): CodeIgniter\Router\Router->checkDisallowedChars('uploads/logos web940x492-06 (1).png')
 2 SYSTEMPATH\CodeIgniter.php(834): CodeIgniter\Router\Router->handle('uploads/logos web940x492-06 (1).png')
 3 SYSTEMPATH\CodeIgniter.php(457): CodeIgniter\CodeIgniter->tryToRouteIt(Object(CodeIgniter\Router\RouteCollection))
 4 SYSTEMPATH\CodeIgniter.php(355): CodeIgniter\CodeIgniter->handleRequest(null, Object(Config\Cache), false)
 5 SYSTEMPATH\Boot.php(325): CodeIgniter\CodeIgniter->run()
 6 SYSTEMPATH\Boot.php(67): CodeIgniter\Boot::runCodeIgniter(Object(CodeIgniter\CodeIgniter))
 7 FCPATH\index.php(56): CodeIgniter\Boot::bootWeb(Object(Config\Paths))
CRITICAL - 2024-11-25 23:33:49 --> CodeIgniter\HTTP\Exceptions\BadRequestException: The URI you submitted has disallowed characters: "logos web940x492-06 (1).png"
[Method: GET, Route: uploads/logos%20web940x492-06%20%281%29.png]
in SYSTEMPATH\Router\Router.php on line 737.
 1 SYSTEMPATH\Router\Router.php(204): CodeIgniter\Router\Router->checkDisallowedChars('uploads/logos web940x492-06 (1).png')
 2 SYSTEMPATH\CodeIgniter.php(834): CodeIgniter\Router\Router->handle('uploads/logos web940x492-06 (1).png')
 3 SYSTEMPATH\CodeIgniter.php(457): CodeIgniter\CodeIgniter->tryToRouteIt(Object(CodeIgniter\Router\RouteCollection))
 4 SYSTEMPATH\CodeIgniter.php(355): CodeIgniter\CodeIgniter->handleRequest(null, Object(Config\Cache), false)
 5 SYSTEMPATH\Boot.php(325): CodeIgniter\CodeIgniter->run()
 6 SYSTEMPATH\Boot.php(67): CodeIgniter\Boot::runCodeIgniter(Object(CodeIgniter\CodeIgniter))
 7 FCPATH\index.php(56): CodeIgniter\Boot::bootWeb(Object(Config\Paths))
CRITICAL - 2024-11-25 23:34:38 --> CodeIgniter\HTTP\Exceptions\BadRequestException: The URI you submitted has disallowed characters: "logos web940x492-06 (1).png"
[Method: GET, Route: uploads/logos%20web940x492-06%20%281%29.png]
in SYSTEMPATH\Router\Router.php on line 737.
 1 SYSTEMPATH\Router\Router.php(204): CodeIgniter\Router\Router->checkDisallowedChars('uploads/logos web940x492-06 (1).png')
 2 SYSTEMPATH\CodeIgniter.php(834): CodeIgniter\Router\Router->handle('uploads/logos web940x492-06 (1).png')
 3 SYSTEMPATH\CodeIgniter.php(457): CodeIgniter\CodeIgniter->tryToRouteIt(Object(CodeIgniter\Router\RouteCollection))
 4 SYSTEMPATH\CodeIgniter.php(355): CodeIgniter\CodeIgniter->handleRequest(null, Object(Config\Cache), false)
 5 SYSTEMPATH\Boot.php(325): CodeIgniter\CodeIgniter->run()
 6 SYSTEMPATH\Boot.php(67): CodeIgniter\Boot::runCodeIgniter(Object(CodeIgniter\CodeIgniter))
 7 FCPATH\index.php(56): CodeIgniter\Boot::bootWeb(Object(Config\Paths))
CRITICAL - 2024-11-25 23:39:49 --> ParseError: syntax error, unexpected token "endforeach", expecting end of file
[Method: GET, Route: arboles/crud_arboles]
in APPPATH\Views\arboles\crud_arboles.php on line 160.
 1 SYSTEMPATH\View\View.php(237): CodeIgniter\View\View->CodeIgniter\View\{closure}()
 2 SYSTEMPATH\Common.php(1171): CodeIgniter\View\View->render('arboles/crud_arboles', [], true)
 3 APPPATH\Controllers\ArbolesController.php(25): view('arboles/crud_arboles', [...])
 4 SYSTEMPATH\CodeIgniter.php(933): App\Controllers\ArbolesController->index()
 5 SYSTEMPATH\CodeIgniter.php(509): CodeIgniter\CodeIgniter->runController(Object(App\Controllers\ArbolesController))
 6 SYSTEMPATH\CodeIgniter.php(355): CodeIgniter\CodeIgniter->handleRequest(null, Object(Config\Cache), false)
 7 SYSTEMPATH\Boot.php(325): CodeIgniter\CodeIgniter->run()
 8 SYSTEMPATH\Boot.php(67): CodeIgniter\Boot::runCodeIgniter(Object(CodeIgniter\CodeIgniter))
 9 FCPATH\index.php(56): CodeIgniter\Boot::bootWeb(Object(Config\Paths))
CRITICAL - 2024-11-25 23:40:03 --> ParseError: syntax error, unexpected token "endforeach", expecting end of file
[Method: GET, Route: arboles/crud_arboles]
in APPPATH\Views\arboles\crud_arboles.php on line 160.
 1 SYSTEMPATH\View\View.php(237): CodeIgniter\View\View->CodeIgniter\View\{closure}()
 2 SYSTEMPATH\Common.php(1171): CodeIgniter\View\View->render('arboles/crud_arboles', [], true)
 3 APPPATH\Controllers\ArbolesController.php(25): view('arboles/crud_arboles', [...])
 4 SYSTEMPATH\CodeIgniter.php(933): App\Controllers\ArbolesController->index()
 5 SYSTEMPATH\CodeIgniter.php(509): CodeIgniter\CodeIgniter->runController(Object(App\Controllers\ArbolesController))
 6 SYSTEMPATH\CodeIgniter.php(355): CodeIgniter\CodeIgniter->handleRequest(null, Object(Config\Cache), false)
 7 SYSTEMPATH\Boot.php(325): CodeIgniter\CodeIgniter->run()
 8 SYSTEMPATH\Boot.php(67): CodeIgniter\Boot::runCodeIgniter(Object(CodeIgniter\CodeIgniter))
 9 FCPATH\index.php(56): CodeIgniter\Boot::bootWeb(Object(Config\Paths))
CRITICAL - 2024-11-25 23:40:19 --> CodeIgniter\HTTP\Exceptions\BadRequestException: The URI you submitted has disallowed characters: "logos web940x492-06 (1).png"
[Method: GET, Route: uploads/logos%20web940x492-06%20%281%29.png]
in SYSTEMPATH\Router\Router.php on line 737.
 1 SYSTEMPATH\Router\Router.php(204): CodeIgniter\Router\Router->checkDisallowedChars('uploads/logos web940x492-06 (1).png')
 2 SYSTEMPATH\CodeIgniter.php(834): CodeIgniter\Router\Router->handle('uploads/logos web940x492-06 (1).png')
 3 SYSTEMPATH\CodeIgniter.php(457): CodeIgniter\CodeIgniter->tryToRouteIt(Object(CodeIgniter\Router\RouteCollection))
 4 SYSTEMPATH\CodeIgniter.php(355): CodeIgniter\CodeIgniter->handleRequest(null, Object(Config\Cache), false)
 5 SYSTEMPATH\Boot.php(325): CodeIgniter\CodeIgniter->run()
 6 SYSTEMPATH\Boot.php(67): CodeIgniter\Boot::runCodeIgniter(Object(CodeIgniter\CodeIgniter))
 7 FCPATH\index.php(56): CodeIgniter\Boot::bootWeb(Object(Config\Paths))
CRITICAL - 2024-11-25 23:40:20 --> CodeIgniter\HTTP\Exceptions\BadRequestException: The URI you submitted has disallowed characters: "logos web940x492-06 (1).png"
[Method: GET, Route: uploads/logos%20web940x492-06%20%281%29.png]
in SYSTEMPATH\Router\Router.php on line 737.
 1 SYSTEMPATH\Router\Router.php(204): CodeIgniter\Router\Router->checkDisallowedChars('uploads/logos web940x492-06 (1).png')
 2 SYSTEMPATH\CodeIgniter.php(834): CodeIgniter\Router\Router->handle('uploads/logos web940x492-06 (1).png')
 3 SYSTEMPATH\CodeIgniter.php(457): CodeIgniter\CodeIgniter->tryToRouteIt(Object(CodeIgniter\Router\RouteCollection))
 4 SYSTEMPATH\CodeIgniter.php(355): CodeIgniter\CodeIgniter->handleRequest(null, Object(Config\Cache), false)
 5 SYSTEMPATH\Boot.php(325): CodeIgniter\CodeIgniter->run()
 6 SYSTEMPATH\Boot.php(67): CodeIgniter\Boot::runCodeIgniter(Object(CodeIgniter\CodeIgniter))
 7 FCPATH\index.php(56): CodeIgniter\Boot::bootWeb(Object(Config\Paths))
CRITICAL - 2024-11-25 23:40:35 --> CodeIgniter\HTTP\Exceptions\BadRequestException: The URI you submitted has disallowed characters: "logos web940x492-06 (1).png"
[Method: GET, Route: uploads/logos%20web940x492-06%20%281%29.png]
in SYSTEMPATH\Router\Router.php on line 737.
 1 SYSTEMPATH\Router\Router.php(204): CodeIgniter\Router\Router->checkDisallowedChars('uploads/logos web940x492-06 (1).png')
 2 SYSTEMPATH\CodeIgniter.php(834): CodeIgniter\Router\Router->handle('uploads/logos web940x492-06 (1).png')
 3 SYSTEMPATH\CodeIgniter.php(457): CodeIgniter\CodeIgniter->tryToRouteIt(Object(CodeIgniter\Router\RouteCollection))
 4 SYSTEMPATH\CodeIgniter.php(355): CodeIgniter\CodeIgniter->handleRequest(null, Object(Config\Cache), false)
 5 SYSTEMPATH\Boot.php(325): CodeIgniter\CodeIgniter->run()
 6 SYSTEMPATH\Boot.php(67): CodeIgniter\Boot::runCodeIgniter(Object(CodeIgniter\CodeIgniter))
 7 FCPATH\index.php(56): CodeIgniter\Boot::bootWeb(Object(Config\Paths))
CRITICAL - 2024-11-25 23:41:09 --> CodeIgniter\HTTP\Exceptions\BadRequestException: The URI you submitted has disallowed characters: "logos web940x492-06 (1).png"
[Method: GET, Route: uploads/logos%20web940x492-06%20%281%29.png]
in SYSTEMPATH\Router\Router.php on line 737.
 1 SYSTEMPATH\Router\Router.php(204): CodeIgniter\Router\Router->checkDisallowedChars('uploads/logos web940x492-06 (1).png')
 2 SYSTEMPATH\CodeIgniter.php(834): CodeIgniter\Router\Router->handle('uploads/logos web940x492-06 (1).png')
 3 SYSTEMPATH\CodeIgniter.php(457): CodeIgniter\CodeIgniter->tryToRouteIt(Object(CodeIgniter\Router\RouteCollection))
 4 SYSTEMPATH\CodeIgniter.php(355): CodeIgniter\CodeIgniter->handleRequest(null, Object(Config\Cache), false)
 5 SYSTEMPATH\Boot.php(325): CodeIgniter\CodeIgniter->run()
 6 SYSTEMPATH\Boot.php(67): CodeIgniter\Boot::runCodeIgniter(Object(CodeIgniter\CodeIgniter))
 7 FCPATH\index.php(56): CodeIgniter\Boot::bootWeb(Object(Config\Paths))
CRITICAL - 2024-11-25 23:41:28 --> CodeIgniter\HTTP\Exceptions\BadRequestException: The URI you submitted has disallowed characters: "logos web940x492-06 (1).png"
[Method: GET, Route: uploads/logos%20web940x492-06%20%281%29.png]
in SYSTEMPATH\Router\Router.php on line 737.
 1 SYSTEMPATH\Router\Router.php(204): CodeIgniter\Router\Router->checkDisallowedChars('uploads/logos web940x492-06 (1).png')
 2 SYSTEMPATH\CodeIgniter.php(834): CodeIgniter\Router\Router->handle('uploads/logos web940x492-06 (1).png')
 3 SYSTEMPATH\CodeIgniter.php(457): CodeIgniter\CodeIgniter->tryToRouteIt(Object(CodeIgniter\Router\RouteCollection))
 4 SYSTEMPATH\CodeIgniter.php(355): CodeIgniter\CodeIgniter->handleRequest(null, Object(Config\Cache), false)
 5 SYSTEMPATH\Boot.php(325): CodeIgniter\CodeIgniter->run()
 6 SYSTEMPATH\Boot.php(67): CodeIgniter\Boot::runCodeIgniter(Object(CodeIgniter\CodeIgniter))
 7 FCPATH\index.php(56): CodeIgniter\Boot::bootWeb(Object(Config\Paths))
CRITICAL - 2024-11-25 23:41:37 --> CodeIgniter\HTTP\Exceptions\BadRequestException: The URI you submitted has disallowed characters: "logos web940x492-06 (1).png"
[Method: GET, Route: uploads/logos%20web940x492-06%20%281%29.png]
in SYSTEMPATH\Router\Router.php on line 737.
 1 SYSTEMPATH\Router\Router.php(204): CodeIgniter\Router\Router->checkDisallowedChars('uploads/logos web940x492-06 (1).png')
 2 SYSTEMPATH\CodeIgniter.php(834): CodeIgniter\Router\Router->handle('uploads/logos web940x492-06 (1).png')
 3 SYSTEMPATH\CodeIgniter.php(457): CodeIgniter\CodeIgniter->tryToRouteIt(Object(CodeIgniter\Router\RouteCollection))
 4 SYSTEMPATH\CodeIgniter.php(355): CodeIgniter\CodeIgniter->handleRequest(null, Object(Config\Cache), false)
 5 SYSTEMPATH\Boot.php(325): CodeIgniter\CodeIgniter->run()
 6 SYSTEMPATH\Boot.php(67): CodeIgniter\Boot::runCodeIgniter(Object(CodeIgniter\CodeIgniter))
 7 FCPATH\index.php(56): CodeIgniter\Boot::bootWeb(Object(Config\Paths))
ERROR - 2024-11-25 23:41:50 --> mysqli_sql_exception: Cannot delete or update a parent row: a foreign key constraint fails (`mytrees`.`actualizaciones`, CONSTRAINT `actualizaciones_ibfk_1` FOREIGN KEY (`arbol_id`) REFERENCES `arboles` (`id`)) in C:\xampp\htdocs\MyTreesCode\system\Database\MySQLi\Connection.php:312
Stack trace:
#0 C:\xampp\htdocs\MyTreesCode\system\Database\MySQLi\Connection.php(312): mysqli->query('DELETE FROM `ar...', 0)
#1 C:\xampp\htdocs\MyTreesCode\system\Database\BaseConnection.php(734): CodeIgniter\Database\MySQLi\Connection->execute('DELETE FROM `ar...')
#2 C:\xampp\htdocs\MyTreesCode\system\Database\BaseConnection.php(648): CodeIgniter\Database\BaseConnection->simpleQuery('DELETE FROM `ar...')
#3 C:\xampp\htdocs\MyTreesCode\system\Database\BaseBuilder.php(2843): CodeIgniter\Database\BaseConnection->query('DELETE FROM `ar...', Array, false)
#4 C:\xampp\htdocs\MyTreesCode\system\Model.php(521): CodeIgniter\Database\BaseBuilder->delete()
#5 C:\xampp\htdocs\MyTreesCode\system\BaseModel.php(1158): CodeIgniter\Model->doDelete(Array, false)
#6 C:\xampp\htdocs\MyTreesCode\app\Models\ArbolesModel.php(36): CodeIgniter\BaseModel->delete(Array)
#7 C:\xampp\htdocs\MyTreesCode\app\Controllers\ArbolesController.php(100): App\Models\ArbolesModel->eliminarArbol('14')
#8 C:\xampp\htdocs\MyTreesCode\system\CodeIgniter.php(933): App\Controllers\ArbolesController->eliminar('14')
#9 C:\xampp\htdocs\MyTreesCode\system\CodeIgniter.php(509): CodeIgniter\CodeIgniter->runController(Object(App\Controllers\ArbolesController))
#10 C:\xampp\htdocs\MyTreesCode\system\CodeIgniter.php(355): CodeIgniter\CodeIgniter->handleRequest(NULL, Object(Config\Cache), false)
#11 C:\xampp\htdocs\MyTreesCode\system\Boot.php(325): CodeIgniter\CodeIgniter->run()
#12 C:\xampp\htdocs\MyTreesCode\system\Boot.php(67): CodeIgniter\Boot::runCodeIgniter(Object(CodeIgniter\CodeIgniter))
#13 C:\xampp\htdocs\MyTreesCode\public\index.php(56): CodeIgniter\Boot::bootWeb(Object(Config\Paths))
#14 {main}
CRITICAL - 2024-11-25 23:41:50 --> CodeIgniter\Database\Exceptions\DatabaseException: Cannot delete or update a parent row: a foreign key constraint fails (`mytrees`.`actualizaciones`, CONSTRAINT `actualizaciones_ibfk_1` FOREIGN KEY (`arbol_id`) REFERENCES `arboles` (`id`))
[Method: GET, Route: arboles/eliminar/14]
in SYSTEMPATH\Database\BaseConnection.php on line 688.
 1 SYSTEMPATH\Database\BaseBuilder.php(2843): CodeIgniter\Database\BaseConnection->query('DELETE FROM `arboles`
WHERE `id` IN :id:', [...], false)
 2 SYSTEMPATH\Model.php(521): CodeIgniter\Database\BaseBuilder->delete()
 3 SYSTEMPATH\BaseModel.php(1158): CodeIgniter\Model->doDelete([...], false)
 4 APPPATH\Models\ArbolesModel.php(36): CodeIgniter\BaseModel->delete([...])
 5 APPPATH\Controllers\ArbolesController.php(100): App\Models\ArbolesModel->eliminarArbol('14')
 6 SYSTEMPATH\CodeIgniter.php(933): App\Controllers\ArbolesController->eliminar('14')
 7 SYSTEMPATH\CodeIgniter.php(509): CodeIgniter\CodeIgniter->runController(Object(App\Controllers\ArbolesController))
 8 SYSTEMPATH\CodeIgniter.php(355): CodeIgniter\CodeIgniter->handleRequest(null, Object(Config\Cache), false)
 9 SYSTEMPATH\Boot.php(325): CodeIgniter\CodeIgniter->run()
10 SYSTEMPATH\Boot.php(67): CodeIgniter\Boot::runCodeIgniter(Object(CodeIgniter\CodeIgniter))
11 FCPATH\index.php(56): CodeIgniter\Boot::bootWeb(Object(Config\Paths))
CRITICAL - 2024-11-25 23:41:50 --> [Caused by] CodeIgniter\Database\Exceptions\DatabaseException: Cannot delete or update a parent row: a foreign key constraint fails (`mytrees`.`actualizaciones`, CONSTRAINT `actualizaciones_ibfk_1` FOREIGN KEY (`arbol_id`) REFERENCES `arboles` (`id`))
in SYSTEMPATH\Database\MySQLi\Connection.php on line 317.
 1 SYSTEMPATH\Database\BaseConnection.php(734): CodeIgniter\Database\MySQLi\Connection->execute('DELETE FROM `arboles`
WHERE `id` IN (\'14\')')
 2 SYSTEMPATH\Database\BaseConnection.php(648): CodeIgniter\Database\BaseConnection->simpleQuery('DELETE FROM `arboles`
WHERE `id` IN (\'14\')')
 3 SYSTEMPATH\Database\BaseBuilder.php(2843): CodeIgniter\Database\BaseConnection->query('DELETE FROM `arboles`
WHERE `id` IN :id:', [...], false)
 4 SYSTEMPATH\Model.php(521): CodeIgniter\Database\BaseBuilder->delete()
 5 SYSTEMPATH\BaseModel.php(1158): CodeIgniter\Model->doDelete([...], false)
 6 APPPATH\Models\ArbolesModel.php(36): CodeIgniter\BaseModel->delete([...])
 7 APPPATH\Controllers\ArbolesController.php(100): App\Models\ArbolesModel->eliminarArbol('14')
 8 SYSTEMPATH\CodeIgniter.php(933): App\Controllers\ArbolesController->eliminar('14')
 9 SYSTEMPATH\CodeIgniter.php(509): CodeIgniter\CodeIgniter->runController(Object(App\Controllers\ArbolesController))
10 SYSTEMPATH\CodeIgniter.php(355): CodeIgniter\CodeIgniter->handleRequest(null, Object(Config\Cache), false)
11 SYSTEMPATH\Boot.php(325): CodeIgniter\CodeIgniter->run()
12 SYSTEMPATH\Boot.php(67): CodeIgniter\Boot::runCodeIgniter(Object(CodeIgniter\CodeIgniter))
13 FCPATH\index.php(56): CodeIgniter\Boot::bootWeb(Object(Config\Paths))
CRITICAL - 2024-11-25 23:41:50 --> [Caused by] mysqli_sql_exception: Cannot delete or update a parent row: a foreign key constraint fails (`mytrees`.`actualizaciones`, CONSTRAINT `actualizaciones_ibfk_1` FOREIGN KEY (`arbol_id`) REFERENCES `arboles` (`id`))
in SYSTEMPATH\Database\MySQLi\Connection.php on line 312.
 1 SYSTEMPATH\Database\MySQLi\Connection.php(312): mysqli->query('DELETE FROM `arboles`
WHERE `id` IN (\'14\')', 0)
 2 SYSTEMPATH\Database\BaseConnection.php(734): CodeIgniter\Database\MySQLi\Connection->execute('DELETE FROM `arboles`
WHERE `id` IN (\'14\')')
 3 SYSTEMPATH\Database\BaseConnection.php(648): CodeIgniter\Database\BaseConnection->simpleQuery('DELETE FROM `arboles`
WHERE `id` IN (\'14\')')
 4 SYSTEMPATH\Database\BaseBuilder.php(2843): CodeIgniter\Database\BaseConnection->query('DELETE FROM `arboles`
WHERE `id` IN :id:', [...], false)
 5 SYSTEMPATH\Model.php(521): CodeIgniter\Database\BaseBuilder->delete()
 6 SYSTEMPATH\BaseModel.php(1158): CodeIgniter\Model->doDelete([...], false)
 7 APPPATH\Models\ArbolesModel.php(36): CodeIgniter\BaseModel->delete([...])
 8 APPPATH\Controllers\ArbolesController.php(100): App\Models\ArbolesModel->eliminarArbol('14')
 9 SYSTEMPATH\CodeIgniter.php(933): App\Controllers\ArbolesController->eliminar('14')
10 SYSTEMPATH\CodeIgniter.php(509): CodeIgniter\CodeIgniter->runController(Object(App\Controllers\ArbolesController))
11 SYSTEMPATH\CodeIgniter.php(355): CodeIgniter\CodeIgniter->handleRequest(null, Object(Config\Cache), false)
12 SYSTEMPATH\Boot.php(325): CodeIgniter\CodeIgniter->run()
13 SYSTEMPATH\Boot.php(67): CodeIgniter\Boot::runCodeIgniter(Object(CodeIgniter\CodeIgniter))
14 FCPATH\index.php(56): CodeIgniter\Boot::bootWeb(Object(Config\Paths))
CRITICAL - 2024-11-25 23:41:54 --> CodeIgniter\HTTP\Exceptions\BadRequestException: The URI you submitted has disallowed characters: "logos web940x492-06 (1).png"
[Method: GET, Route: uploads/logos%20web940x492-06%20%281%29.png]
in SYSTEMPATH\Router\Router.php on line 737.
 1 SYSTEMPATH\Router\Router.php(204): CodeIgniter\Router\Router->checkDisallowedChars('uploads/logos web940x492-06 (1).png')
 2 SYSTEMPATH\CodeIgniter.php(834): CodeIgniter\Router\Router->handle('uploads/logos web940x492-06 (1).png')
 3 SYSTEMPATH\CodeIgniter.php(457): CodeIgniter\CodeIgniter->tryToRouteIt(Object(CodeIgniter\Router\RouteCollection))
 4 SYSTEMPATH\CodeIgniter.php(355): CodeIgniter\CodeIgniter->handleRequest(null, Object(Config\Cache), false)
 5 SYSTEMPATH\Boot.php(325): CodeIgniter\CodeIgniter->run()
 6 SYSTEMPATH\Boot.php(67): CodeIgniter\Boot::runCodeIgniter(Object(CodeIgniter\CodeIgniter))
 7 FCPATH\index.php(56): CodeIgniter\Boot::bootWeb(Object(Config\Paths))
